2023-01-28T22:05:18.466740+09:00 0 [Warning] [MY-011068] [Server] The syntax '--skip-host-cache' is deprecated and will be removed in a future release. Please use SET GLOBAL host_cache_size=0 instead.
2023-01-28T22:05:18.466842+09:00 0 [Warning] [MY-010918] [Server] 'default_authentication_plugin' is deprecated and will be removed in a future release. Please use authentication_policy instead.
2023-01-28T22:05:18.466863+09:00 0 [System] [MY-013169] [Server] /usr/sbin/mysqld (mysqld 8.0.32) initializing of server in progress as process 81
2023-01-28T22:05:18.476217+09:00 1 [System] [MY-013576] [InnoDB] InnoDB initialization has started.
2023-01-28T22:05:18.911606+09:00 1 [System] [MY-013577] [InnoDB] InnoDB initialization has ended.
2023-01-28T22:05:19.795254+09:00 6 [Warning] [MY-010453] [Server] root@localhost is created with an empty password ! Please consider switching off the --initialize-insecure option.
2023-01-28T22:05:25.017517+09:00 0 [Warning] [MY-011068] [Server] The syntax '--skip-host-cache' is deprecated and will be removed in a future release. Please use SET GLOBAL host_cache_size=0 instead.
2023-01-28T22:05:25.018948+09:00 0 [Warning] [MY-010918] [Server] 'default_authentication_plugin' is deprecated and will be removed in a future release. Please use authentication_policy instead.
2023-01-28T22:05:25.018963+09:00 0 [System] [MY-010116] [Server] /usr/sbin/mysqld (mysqld 8.0.32) starting as process 126
2023-01-28T22:05:25.047792+09:00 1 [System] [MY-013576] [InnoDB] InnoDB initialization has started.
2023-01-28T22:05:25.248268+09:00 1 [System] [MY-013577] [InnoDB] InnoDB initialization has ended.
2023-01-28T22:05:25.425846+09:00 0 [Warning] [MY-010068] [Server] CA certificate ca.pem is self signed.
2023-01-28T22:05:25.426345+09:00 0 [System] [MY-013602] [Server] Channel mysql_main configured to support TLS. Encrypted connections are now supported for this channel.
2023-01-28T22:05:25.428189+09:00 0 [Warning] [MY-011810] [Server] Insecure configuration for --pid-file: Location '/var/run/mysqld' in the path is accessible to all OS users. Consider choosing a different directory.
2023-01-28T22:05:25.437851+09:00 0 [System] [MY-010931] [Server] /usr/sbin/mysqld: ready for connections. Version: '8.0.32'  socket: '/var/run/mysqld/mysqld.sock'  port: 0  MySQL Community Server - GPL.
2023-01-28T22:05:25.437905+09:00 0 [System] [MY-011323] [Server] X Plugin ready for connections. Socket: /var/run/mysqld/mysqlx.sock
2023-01-28T22:05:30.042391+09:00 13 [System] [MY-013172] [Server] Received SHUTDOWN from user root. Shutting down mysqld (Version: 8.0.32).
2023-01-28T22:05:30.944504+09:00 0 [System] [MY-010910] [Server] /usr/sbin/mysqld: Shutdown complete (mysqld 8.0.32)  MySQL Community Server - GPL.
2023-01-28T22:05:31.256825+09:00 0 [Warning] [MY-011068] [Server] The syntax '--skip-host-cache' is deprecated and will be removed in a future release. Please use SET GLOBAL host_cache_size=0 instead.
2023-01-28T22:05:31.258081+09:00 0 [Warning] [MY-010918] [Server] 'default_authentication_plugin' is deprecated and will be removed in a future release. Please use authentication_policy instead.
2023-01-28T22:05:31.258094+09:00 0 [System] [MY-010116] [Server] /usr/sbin/mysqld (mysqld 8.0.32) starting as process 1
2023-01-28T22:05:31.266318+09:00 1 [System] [MY-013576] [InnoDB] InnoDB initialization has started.
2023-01-28T22:05:31.334652+09:00 1 [System] [MY-013577] [InnoDB] InnoDB initialization has ended.
2023-01-28T22:05:31.471147+09:00 0 [Warning] [MY-010068] [Server] CA certificate ca.pem is self signed.
2023-01-28T22:05:31.471427+09:00 0 [System] [MY-013602] [Server] Channel mysql_main configured to support TLS. Encrypted connections are now supported for this channel.
2023-01-28T22:05:31.472293+09:00 0 [Warning] [MY-011810] [Server] Insecure configuration for --pid-file: Location '/var/run/mysqld' in the path is accessible to all OS users. Consider choosing a different directory.
2023-01-28T22:05:31.479079+09:00 0 [System] [MY-011323] [Server] X Plugin ready for connections. Bind-address: '::' port: 33060, socket: /var/run/mysqld/mysqlx.sock
2023-01-28T22:05:31.479128+09:00 0 [System] [MY-010931] [Server] /usr/sbin/mysqld: ready for connections. Version: '8.0.32'  socket: '/var/run/mysqld/mysqld.sock'  port: 3306  MySQL Community Server - GPL.
2023-01-28T22:55:46.927655+09:00 0 [System] [MY-013172] [Server] Received SHUTDOWN from user <via user signal>. Shutting down mysqld (Version: 8.0.32).
2023-01-28T22:55:48.334691+09:00 0 [System] [MY-010910] [Server] /usr/sbin/mysqld: Shutdown complete (mysqld 8.0.32)  MySQL Community Server - GPL.
2023-01-28T22:56:40.974857+09:00 0 [Warning] [MY-011068] [Server] The syntax '--skip-host-cache' is deprecated and will be removed in a future release. Please use SET GLOBAL host_cache_size=0 instead.
2023-01-28T22:56:40.976009+09:00 0 [Warning] [MY-010918] [Server] 'default_authentication_plugin' is deprecated and will be removed in a future release. Please use authentication_policy instead.
2023-01-28T22:56:40.976028+09:00 0 [System] [MY-010116] [Server] /usr/sbin/mysqld (mysqld 8.0.32) starting as process 1
2023-01-28T22:56:40.982864+09:00 1 [System] [MY-013576] [InnoDB] InnoDB initialization has started.
2023-01-28T22:56:41.090068+09:00 1 [System] [MY-013577] [InnoDB] InnoDB initialization has ended.
2023-01-28T22:56:41.272807+09:00 0 [Warning] [MY-010068] [Server] CA certificate ca.pem is self signed.
2023-01-28T22:56:41.273449+09:00 0 [System] [MY-013602] [Server] Channel mysql_main configured to support TLS. Encrypted connections are now supported for this channel.
2023-01-28T22:56:41.278388+09:00 0 [Warning] [MY-011810] [Server] Insecure configuration for --pid-file: Location '/var/run/mysqld' in the path is accessible to all OS users. Consider choosing a different directory.
2023-01-28T22:56:41.288950+09:00 0 [System] [MY-011323] [Server] X Plugin ready for connections. Bind-address: '::' port: 33060, socket: /var/run/mysqld/mysqlx.sock
2023-01-28T22:56:41.289023+09:00 0 [System] [MY-010931] [Server] /usr/sbin/mysqld: ready for connections. Version: '8.0.32'  socket: '/var/run/mysqld/mysqld.sock'  port: 3306  MySQL Community Server - GPL.
2023-01-28T23:03:00.329668+09:00 0 [System] [MY-013172] [Server] Received SHUTDOWN from user <via user signal>. Shutting down mysqld (Version: 8.0.32).
2023-01-28T23:03:01.146954+09:00 0 [System] [MY-010910] [Server] /usr/sbin/mysqld: Shutdown complete (mysqld 8.0.32)  MySQL Community Server - GPL.
2023-01-28T23:03:02.279788+09:00 0 [Warning] [MY-011068] [Server] The syntax '--skip-host-cache' is deprecated and will be removed in a future release. Please use SET GLOBAL host_cache_size=0 instead.
2023-01-28T23:03:02.280978+09:00 0 [Warning] [MY-010918] [Server] 'default_authentication_plugin' is deprecated and will be removed in a future release. Please use authentication_policy instead.
2023-01-28T23:03:02.280997+09:00 0 [System] [MY-010116] [Server] /usr/sbin/mysqld (mysqld 8.0.32) starting as process 1
2023-01-28T23:03:02.288862+09:00 1 [System] [MY-013576] [InnoDB] InnoDB initialization has started.
2023-01-28T23:03:02.367691+09:00 1 [System] [MY-013577] [InnoDB] InnoDB initialization has ended.
2023-01-28T23:03:02.469888+09:00 0 [Warning] [MY-010068] [Server] CA certificate ca.pem is self signed.
2023-01-28T23:03:02.470114+09:00 0 [System] [MY-013602] [Server] Channel mysql_main configured to support TLS. Encrypted connections are now supported for this channel.
2023-01-28T23:03:02.471148+09:00 0 [Warning] [MY-011810] [Server] Insecure configuration for --pid-file: Location '/var/run/mysqld' in the path is accessible to all OS users. Consider choosing a different directory.
2023-01-28T23:03:02.479763+09:00 0 [System] [MY-011323] [Server] X Plugin ready for connections. Bind-address: '::' port: 33060, socket: /var/run/mysqld/mysqlx.sock
2023-01-28T23:03:02.479801+09:00 0 [System] [MY-010931] [Server] /usr/sbin/mysqld: ready for connections. Version: '8.0.32'  socket: '/var/run/mysqld/mysqld.sock'  port: 3306  MySQL Community Server - GPL.
